ERROR:root:Error occurred: Message: unknown error: net::ERR_NAME_NOT_RESOLVED
  (Session info: chrome=129.0.6668.90)
Stacktrace:
	GetHandleVerifier [0x00007FF6BC5E9412+29090]
	(No symbol) [0x00007FF6BC55E239]
	(No symbol) [0x00007FF6BC41B1DA]
	(No symbol) [0x00007FF6BC413214]
	(No symbol) [0x00007FF6BC404179]
	(No symbol) [0x00007FF6BC405F42]
	(No symbol) [0x00007FF6BC40443F]
	(No symbol) [0x00007FF6BC403CD1]
	(No symbol) [0x00007FF6BC403C10]
	(No symbol) [0x00007FF6BC401ACF]
	(No symbol) [0x00007FF6BC40214C]
	(No symbol) [0x00007FF6BC41E241]
	(No symbol) [0x00007FF6BC4B73CE]
	(No symbol) [0x00007FF6BC4966EA]
	(No symbol) [0x00007FF6BC4B65A2]
	(No symbol) [0x00007FF6BC496493]
	(No symbol) [0x00007FF6BC4609D1]
	(No symbol) [0x00007FF6BC461B31]
	GetHandleVerifier [0x00007FF6BC90871D+3302573]
	GetHandleVerifier [0x00007FF6BC954243+3612627]
	GetHandleVerifier [0x00007FF6BC94A417+3572135]
	GetHandleVerifier [0x00007FF6BC6A5EB6+801862]
	(No symbol) [0x00007FF6BC56945F]
	(No symbol) [0x00007FF6BC564FB4]
	(No symbol) [0x00007FF6BC565140]
	(No symbol) [0x00007FF6BC55461F]
	BaseThreadInitThunk [0x00007FF827B27374+20]
	RtlUserThreadStart [0x00007FF8288FCC91+33]

ERROR:root:Survey failed or encountered an error
ERROR:root:Error occurred: Message: unknown error: net::ERR_NAME_NOT_RESOLVED
  (Session info: chrome=129.0.6668.90)
Stacktrace:
	GetHandleVerifier [0x00007FF6BC5E9412+29090]
	(No symbol) [0x00007FF6BC55E239]
	(No symbol) [0x00007FF6BC41B1DA]
	(No symbol) [0x00007FF6BC413214]
	(No symbol) [0x00007FF6BC404179]
	(No symbol) [0x00007FF6BC405F42]
	(No symbol) [0x00007FF6BC40443F]
	(No symbol) [0x00007FF6BC403CD1]
	(No symbol) [0x00007FF6BC403C10]
	(No symbol) [0x00007FF6BC401ACF]
	(No symbol) [0x00007FF6BC40214C]
	(No symbol) [0x00007FF6BC41E241]
	(No symbol) [0x00007FF6BC4B73CE]
	(No symbol) [0x00007FF6BC4966EA]
	(No symbol) [0x00007FF6BC4B65A2]
	(No symbol) [0x00007FF6BC496493]
	(No symbol) [0x00007FF6BC4609D1]
	(No symbol) [0x00007FF6BC461B31]
	GetHandleVerifier [0x00007FF6BC90871D+3302573]
	GetHandleVerifier [0x00007FF6BC954243+3612627]
	GetHandleVerifier [0x00007FF6BC94A417+3572135]
	GetHandleVerifier [0x00007FF6BC6A5EB6+801862]
	(No symbol) [0x00007FF6BC56945F]
	(No symbol) [0x00007FF6BC564FB4]
	(No symbol) [0x00007FF6BC565140]
	(No symbol) [0x00007FF6BC55461F]
	BaseThreadInitThunk [0x00007FF827B27374+20]
	RtlUserThreadStart [0x00007FF8288FCC91+33]

ERROR:root:Survey failed or encountered an error
ERROR:root:Error occurred: Message: no such element: Unable to locate element: {"method":"css selector","selector":"[id="userId"]"}
  (Session info: chrome=129.0.6668.90); For documentation on this error, please visit: https://www.selenium.dev/documentation/webdriver/troubleshooting/errors#no-such-element-exception
Stacktrace:
	GetHandleVerifier [0x00007FF6BC5E9412+29090]
	(No symbol) [0x00007FF6BC55E239]
	(No symbol) [0x00007FF6BC41B1DA]
	(No symbol) [0x00007FF6BC46EFE7]
	(No symbol) [0x00007FF6BC46F23C]
	(No symbol) [0x00007FF6BC4B97C7]
	(No symbol) [0x00007FF6BC49672F]
	(No symbol) [0x00007FF6BC4B65A2]
	(No symbol) [0x00007FF6BC496493]
	(No symbol) [0x00007FF6BC4609D1]
	(No symbol) [0x00007FF6BC461B31]
	GetHandleVerifier [0x00007FF6BC90871D+3302573]
	GetHandleVerifier [0x00007FF6BC954243+3612627]
	GetHandleVerifier [0x00007FF6BC94A417+3572135]
	GetHandleVerifier [0x00007FF6BC6A5EB6+801862]
	(No symbol) [0x00007FF6BC56945F]
	(No symbol) [0x00007FF6BC564FB4]
	(No symbol) [0x00007FF6BC565140]
	(No symbol) [0x00007FF6BC55461F]
	BaseThreadInitThunk [0x00007FF827B27374+20]
	RtlUserThreadStart [0x00007FF8288FCC91+33]

ERROR:root:Survey failed or encountered an error
ERROR:root:Error during login: Message: no such element: Unable to locate element: {"method":"css selector","selector":"[id="userPassword"]"}
  (Session info: chrome=129.0.6668.90); For documentation on this error, please visit: https://www.selenium.dev/documentation/webdriver/troubleshooting/errors#no-such-element-exception
Stacktrace:
	GetHandleVerifier [0x00007FF6BC5E9412+29090]
	(No symbol) [0x00007FF6BC55E239]
	(No symbol) [0x00007FF6BC41B1DA]
	(No symbol) [0x00007FF6BC46EFE7]
	(No symbol) [0x00007FF6BC46F23C]
	(No symbol) [0x00007FF6BC4B97C7]
	(No symbol) [0x00007FF6BC49672F]
	(No symbol) [0x00007FF6BC4B65A2]
	(No symbol) [0x00007FF6BC496493]
	(No symbol) [0x00007FF6BC4609D1]
	(No symbol) [0x00007FF6BC461B31]
	GetHandleVerifier [0x00007FF6BC90871D+3302573]
	GetHandleVerifier [0x00007FF6BC954243+3612627]
	GetHandleVerifier [0x00007FF6BC94A417+3572135]
	GetHandleVerifier [0x00007FF6BC6A5EB6+801862]
	(No symbol) [0x00007FF6BC56945F]
	(No symbol) [0x00007FF6BC564FB4]
	(No symbol) [0x00007FF6BC565140]
	(No symbol) [0x00007FF6BC55461F]
	BaseThreadInitThunk [0x00007FF827B27374+20]
	RtlUserThreadStart [0x00007FF8288FCC91+33]

ERROR:root:Error during survey: Message: no such element: Unable to locate element: {"method":"css selector","selector":"[id="submit-button"]"}
  (Session info: chrome=129.0.6668.90); For documentation on this error, please visit: https://www.selenium.dev/documentation/webdriver/troubleshooting/errors#no-such-element-exception
Stacktrace:
	GetHandleVerifier [0x00007FF6BC5E9412+29090]
	(No symbol) [0x00007FF6BC55E239]
	(No symbol) [0x00007FF6BC41B1DA]
	(No symbol) [0x00007FF6BC46EFE7]
	(No symbol) [0x00007FF6BC46F23C]
	(No symbol) [0x00007FF6BC4B97C7]
	(No symbol) [0x00007FF6BC49672F]
	(No symbol) [0x00007FF6BC4B65A2]
	(No symbol) [0x00007FF6BC496493]
	(No symbol) [0x00007FF6BC4609D1]
	(No symbol) [0x00007FF6BC461B31]
	GetHandleVerifier [0x00007FF6BC90871D+3302573]
	GetHandleVerifier [0x00007FF6BC954243+3612627]
	GetHandleVerifier [0x00007FF6BC94A417+3572135]
	GetHandleVerifier [0x00007FF6BC6A5EB6+801862]
	(No symbol) [0x00007FF6BC56945F]
	(No symbol) [0x00007FF6BC564FB4]
	(No symbol) [0x00007FF6BC565140]
	(No symbol) [0x00007FF6BC55461F]
	BaseThreadInitThunk [0x00007FF827B27374+20]
	RtlUserThreadStart [0x00007FF8288FCC91+33]

INFO:root:Survey completed successfully
ERROR:root:Error during login: Message: no such element: Unable to locate element: {"method":"xpath","selector":"//button[@type="submit"]"}
  (Session info: chrome=129.0.6668.90); For documentation on this error, please visit: https://www.selenium.dev/documentation/webdriver/troubleshooting/errors#no-such-element-exception
Stacktrace:
	GetHandleVerifier [0x00007FF6BC5E9412+29090]
	(No symbol) [0x00007FF6BC55E239]
	(No symbol) [0x00007FF6BC41B1DA]
	(No symbol) [0x00007FF6BC46EFE7]
	(No symbol) [0x00007FF6BC46F23C]
	(No symbol) [0x00007FF6BC4B97C7]
	(No symbol) [0x00007FF6BC49672F]
	(No symbol) [0x00007FF6BC4B65A2]
	(No symbol) [0x00007FF6BC496493]
	(No symbol) [0x00007FF6BC4609D1]
	(No symbol) [0x00007FF6BC461B31]
	GetHandleVerifier [0x00007FF6BC90871D+3302573]
	GetHandleVerifier [0x00007FF6BC954243+3612627]
	GetHandleVerifier [0x00007FF6BC94A417+3572135]
	GetHandleVerifier [0x00007FF6BC6A5EB6+801862]
	(No symbol) [0x00007FF6BC56945F]
	(No symbol) [0x00007FF6BC564FB4]
	(No symbol) [0x00007FF6BC565140]
	(No symbol) [0x00007FF6BC55461F]
	BaseThreadInitThunk [0x00007FF827B27374+20]
	RtlUserThreadStart [0x00007FF8288FCC91+33]

ERROR:root:Error during survey: Message: no such element: Unable to locate element: {"method":"css selector","selector":"[id="submit-button"]"}
  (Session info: chrome=129.0.6668.90); For documentation on this error, please visit: https://www.selenium.dev/documentation/webdriver/troubleshooting/errors#no-such-element-exception
Stacktrace:
	GetHandleVerifier [0x00007FF6BC5E9412+29090]
	(No symbol) [0x00007FF6BC55E239]
	(No symbol) [0x00007FF6BC41B1DA]
	(No symbol) [0x00007FF6BC46EFE7]
	(No symbol) [0x00007FF6BC46F23C]
	(No symbol) [0x00007FF6BC4B97C7]
	(No symbol) [0x00007FF6BC49672F]
	(No symbol) [0x00007FF6BC4B65A2]
	(No symbol) [0x00007FF6BC496493]
	(No symbol) [0x00007FF6BC4609D1]
	(No symbol) [0x00007FF6BC461B31]
	GetHandleVerifier [0x00007FF6BC90871D+3302573]
	GetHandleVerifier [0x00007FF6BC954243+3612627]
	GetHandleVerifier [0x00007FF6BC94A417+3572135]
	GetHandleVerifier [0x00007FF6BC6A5EB6+801862]
	(No symbol) [0x00007FF6BC56945F]
	(No symbol) [0x00007FF6BC564FB4]
	(No symbol) [0x00007FF6BC565140]
	(No symbol) [0x00007FF6BC55461F]
	BaseThreadInitThunk [0x00007FF827B27374+20]
	RtlUserThreadStart [0x00007FF8288FCC91+33]

INFO:root:Survey completed successfully
ERROR:root:Error during login: Message: no such element: Unable to locate element: {"method":"xpath","selector":"//button[@type="submit"]"}
  (Session info: chrome=129.0.6668.90); For documentation on this error, please visit: https://www.selenium.dev/documentation/webdriver/troubleshooting/errors#no-such-element-exception
Stacktrace:
	GetHandleVerifier [0x00007FF6BC5E9412+29090]
	(No symbol) [0x00007FF6BC55E239]
	(No symbol) [0x00007FF6BC41B1DA]
	(No symbol) [0x00007FF6BC46EFE7]
	(No symbol) [0x00007FF6BC46F23C]
	(No symbol) [0x00007FF6BC4B97C7]
	(No symbol) [0x00007FF6BC49672F]
	(No symbol) [0x00007FF6BC4B65A2]
	(No symbol) [0x00007FF6BC496493]
	(No symbol) [0x00007FF6BC4609D1]
	(No symbol) [0x00007FF6BC461B31]
	GetHandleVerifier [0x00007FF6BC90871D+3302573]
	GetHandleVerifier [0x00007FF6BC954243+3612627]
	GetHandleVerifier [0x00007FF6BC94A417+3572135]
	GetHandleVerifier [0x00007FF6BC6A5EB6+801862]
	(No symbol) [0x00007FF6BC56945F]
	(No symbol) [0x00007FF6BC564FB4]
	(No symbol) [0x00007FF6BC565140]
	(No symbol) [0x00007FF6BC55461F]
	BaseThreadInitThunk [0x00007FF827B27374+20]
	RtlUserThreadStart [0x00007FF8288FCC91+33]

ERROR:root:Error during survey: Message: no such element: Unable to locate element: {"method":"css selector","selector":"[id="submit-button"]"}
  (Session info: chrome=129.0.6668.90); For documentation on this error, please visit: https://www.selenium.dev/documentation/webdriver/troubleshooting/errors#no-such-element-exception
Stacktrace:
	GetHandleVerifier [0x00007FF6BC5E9412+29090]
	(No symbol) [0x00007FF6BC55E239]
	(No symbol) [0x00007FF6BC41B1DA]
	(No symbol) [0x00007FF6BC46EFE7]
	(No symbol) [0x00007FF6BC46F23C]
	(No symbol) [0x00007FF6BC4B97C7]
	(No symbol) [0x00007FF6BC49672F]
	(No symbol) [0x00007FF6BC4B65A2]
	(No symbol) [0x00007FF6BC496493]
	(No symbol) [0x00007FF6BC4609D1]
	(No symbol) [0x00007FF6BC461B31]
	GetHandleVerifier [0x00007FF6BC90871D+3302573]
	GetHandleVerifier [0x00007FF6BC954243+3612627]
	GetHandleVerifier [0x00007FF6BC94A417+3572135]
	GetHandleVerifier [0x00007FF6BC6A5EB6+801862]
	(No symbol) [0x00007FF6BC56945F]
	(No symbol) [0x00007FF6BC564FB4]
	(No symbol) [0x00007FF6BC565140]
	(No symbol) [0x00007FF6BC55461F]
	BaseThreadInitThunk [0x00007FF827B27374+20]
	RtlUserThreadStart [0x00007FF8288FCC91+33]

INFO:root:Survey completed successfully
ERROR:root:Error during survey: Message: no such window: target window already closed
from unknown error: web view not found
  (Session info: chrome=129.0.6668.90)
Stacktrace:
	GetHandleVerifier [0x00007FF6BC5E9412+29090]
	(No symbol) [0x00007FF6BC55E239]
	(No symbol) [0x00007FF6BC41B1DA]
	(No symbol) [0x00007FF6BC3EFAF5]
	(No symbol) [0x00007FF6BC49E2C7]
	(No symbol) [0x00007FF6BC4B5EB1]
	(No symbol) [0x00007FF6BC496493]
	(No symbol) [0x00007FF6BC4609D1]
	(No symbol) [0x00007FF6BC461B31]
	GetHandleVerifier [0x00007FF6BC90871D+3302573]
	GetHandleVerifier [0x00007FF6BC954243+3612627]
	GetHandleVerifier [0x00007FF6BC94A417+3572135]
	GetHandleVerifier [0x00007FF6BC6A5EB6+801862]
	(No symbol) [0x00007FF6BC56945F]
	(No symbol) [0x00007FF6BC564FB4]
	(No symbol) [0x00007FF6BC565140]
	(No symbol) [0x00007FF6BC55461F]
	BaseThreadInitThunk [0x00007FF827B27374+20]
	RtlUserThreadStart [0x00007FF8288FCC91+33]

INFO:root:Survey completed successfully
ERROR:root:Error occurred: Alert Text: 존재하지 않는 아이디입니다
아이디형식: 영문 소문자 + 숫자 (4~12자리)
Message: unexpected alert open: {Alert text : 존재하지 않는 아이디입니다
아이디형식: 영문 소문자 + 숫자 (4~12자리)}
  (Session info: chrome=129.0.6668.90)
Stacktrace:
	GetHandleVerifier [0x00007FF6BC5E9412+29090]
	(No symbol) [0x00007FF6BC55E239]
	(No symbol) [0x00007FF6BC41B1DA]
	(No symbol) [0x00007FF6BC4B7166]
	(No symbol) [0x00007FF6BC496493]
	(No symbol) [0x00007FF6BC4609D1]
	(No symbol) [0x00007FF6BC461B31]
	GetHandleVerifier [0x00007FF6BC90871D+3302573]
	GetHandleVerifier [0x00007FF6BC954243+3612627]
	GetHandleVerifier [0x00007FF6BC94A417+3572135]
	GetHandleVerifier [0x00007FF6BC6A5EB6+801862]
	(No symbol) [0x00007FF6BC56945F]
	(No symbol) [0x00007FF6BC564FB4]
	(No symbol) [0x00007FF6BC565140]
	(No symbol) [0x00007FF6BC55461F]
	BaseThreadInitThunk [0x00007FF827B27374+20]
	RtlUserThreadStart [0x00007FF8288FCC91+33]

ERROR:root:Survey failed or encountered an error
ERROR:root:Error during survey: Message: invalid selector
from javascript error: {"status":32,"value":"Unable to locate an element with the xpath expression 제출 버튼의 실제 XPath because of the following error:\nSyntaxError: Failed to execute 'evaluate' on 'Document': The string '제출 버튼의 실제 XPath' is not a valid XPath expression."}
  (Session info: chrome=129.0.6668.90); For documentation on this error, please visit: https://www.selenium.dev/documentation/webdriver/troubleshooting/errors#invalid-selector-exception
Stacktrace:
	GetHandleVerifier [0x00007FF6BC5E9412+29090]
	(No symbol) [0x00007FF6BC55E239]
	(No symbol) [0x00007FF6BC41B1DA]
	(No symbol) [0x00007FF6BC421CE3]
	(No symbol) [0x00007FF6BC424081]
	(No symbol) [0x00007FF6BC424120]
	(No symbol) [0x00007FF6BC46EB5C]
	(No symbol) [0x00007FF6BC46F23C]
	(No symbol) [0x00007FF6BC4B97C7]
	(No symbol) [0x00007FF6BC49672F]
	(No symbol) [0x00007FF6BC4B65A2]
	(No symbol) [0x00007FF6BC496493]
	(No symbol) [0x00007FF6BC4609D1]
	(No symbol) [0x00007FF6BC461B31]
	GetHandleVerifier [0x00007FF6BC90871D+3302573]
	GetHandleVerifier [0x00007FF6BC954243+3612627]
	GetHandleVerifier [0x00007FF6BC94A417+3572135]
	GetHandleVerifier [0x00007FF6BC6A5EB6+801862]
	(No symbol) [0x00007FF6BC56945F]
	(No symbol) [0x00007FF6BC564FB4]
	(No symbol) [0x00007FF6BC565140]
	(No symbol) [0x00007FF6BC55461F]
	BaseThreadInitThunk [0x00007FF827B27374+20]
	RtlUserThreadStart [0x00007FF8288FCC91+33]

INFO:root:Survey completed successfully
ERROR:root:Error during navigation to survey: Message: no such element: Unable to locate element: {"method":"link text","selector":"조사 참여하기"}
  (Session info: chrome=129.0.6668.90); For documentation on this error, please visit: https://www.selenium.dev/documentation/webdriver/troubleshooting/errors#no-such-element-exception
Stacktrace:
	GetHandleVerifier [0x00007FF6BC5E9412+29090]
	(No symbol) [0x00007FF6BC55E239]
	(No symbol) [0x00007FF6BC41B1DA]
	(No symbol) [0x00007FF6BC46EFE7]
	(No symbol) [0x00007FF6BC46F23C]
	(No symbol) [0x00007FF6BC4B97C7]
	(No symbol) [0x00007FF6BC49672F]
	(No symbol) [0x00007FF6BC4B65A2]
	(No symbol) [0x00007FF6BC496493]
	(No symbol) [0x00007FF6BC4609D1]
	(No symbol) [0x00007FF6BC461B31]
	GetHandleVerifier [0x00007FF6BC90871D+3302573]
	GetHandleVerifier [0x00007FF6BC954243+3612627]
	GetHandleVerifier [0x00007FF6BC94A417+3572135]
	GetHandleVerifier [0x00007FF6BC6A5EB6+801862]
	(No symbol) [0x00007FF6BC56945F]
	(No symbol) [0x00007FF6BC564FB4]
	(No symbol) [0x00007FF6BC565140]
	(No symbol) [0x00007FF6BC55461F]
	BaseThreadInitThunk [0x00007FF827B27374+20]
	RtlUserThreadStart [0x00007FF8288FCC91+33]

ERROR:root:Error during survey: Message: invalid selector
from javascript error: {"status":32,"value":"Unable to locate an element with the xpath expression 제출 버튼의 실제 XPath because of the following error:\nSyntaxError: Failed to execute 'evaluate' on 'Document': The string '제출 버튼의 실제 XPath' is not a valid XPath expression."}
  (Session info: chrome=129.0.6668.90); For documentation on this error, please visit: https://www.selenium.dev/documentation/webdriver/troubleshooting/errors#invalid-selector-exception
Stacktrace:
	GetHandleVerifier [0x00007FF6BC5E9412+29090]
	(No symbol) [0x00007FF6BC55E239]
	(No symbol) [0x00007FF6BC41B1DA]
	(No symbol) [0x00007FF6BC421CE3]
	(No symbol) [0x00007FF6BC424081]
	(No symbol) [0x00007FF6BC424120]
	(No symbol) [0x00007FF6BC46EB5C]
	(No symbol) [0x00007FF6BC46F23C]
	(No symbol) [0x00007FF6BC4B97C7]
	(No symbol) [0x00007FF6BC49672F]
	(No symbol) [0x00007FF6BC4B65A2]
	(No symbol) [0x00007FF6BC496493]
	(No symbol) [0x00007FF6BC4609D1]
	(No symbol) [0x00007FF6BC461B31]
	GetHandleVerifier [0x00007FF6BC90871D+3302573]
	GetHandleVerifier [0x00007FF6BC954243+3612627]
	GetHandleVerifier [0x00007FF6BC94A417+3572135]
	GetHandleVerifier [0x00007FF6BC6A5EB6+801862]
	(No symbol) [0x00007FF6BC56945F]
	(No symbol) [0x00007FF6BC564FB4]
	(No symbol) [0x00007FF6BC565140]
	(No symbol) [0x00007FF6BC55461F]
	BaseThreadInitThunk [0x00007FF827B27374+20]
	RtlUserThreadStart [0x00007FF8288FCC91+33]

INFO:root:Survey completed successfully
ERROR:root:Error during survey: Message: invalid selector
from javascript error: {"status":32,"value":"Unable to locate an element with the xpath expression 제출 버튼의 실제 XPath because of the following error:\nSyntaxError: Failed to execute 'evaluate' on 'Document': The string '제출 버튼의 실제 XPath' is not a valid XPath expression."}
  (Session info: chrome=129.0.6668.90); For documentation on this error, please visit: https://www.selenium.dev/documentation/webdriver/troubleshooting/errors#invalid-selector-exception
Stacktrace:
	GetHandleVerifier [0x00007FF6BC5E9412+29090]
	(No symbol) [0x00007FF6BC55E239]
	(No symbol) [0x00007FF6BC41B1DA]
	(No symbol) [0x00007FF6BC421CE3]
	(No symbol) [0x00007FF6BC424081]
	(No symbol) [0x00007FF6BC424120]
	(No symbol) [0x00007FF6BC46EB5C]
	(No symbol) [0x00007FF6BC46F23C]
	(No symbol) [0x00007FF6BC4B97C7]
	(No symbol) [0x00007FF6BC49672F]
	(No symbol) [0x00007FF6BC4B65A2]
	(No symbol) [0x00007FF6BC496493]
	(No symbol) [0x00007FF6BC4609D1]
	(No symbol) [0x00007FF6BC461B31]
	GetHandleVerifier [0x00007FF6BC90871D+3302573]
	GetHandleVerifier [0x00007FF6BC954243+3612627]
	GetHandleVerifier [0x00007FF6BC94A417+3572135]
	GetHandleVerifier [0x00007FF6BC6A5EB6+801862]
	(No symbol) [0x00007FF6BC56945F]
	(No symbol) [0x00007FF6BC564FB4]
	(No symbol) [0x00007FF6BC565140]
	(No symbol) [0x00007FF6BC55461F]
	BaseThreadInitThunk [0x00007FF827B27374+20]
	RtlUserThreadStart [0x00007FF8288FCC91+33]

INFO:root:Survey completed successfully
ERROR:root:Error during navigation to survey: Message: element not interactable
  (Session info: chrome=129.0.6668.90)
Stacktrace:
	GetHandleVerifier [0x00007FF6BC5E9412+29090]
	(No symbol) [0x00007FF6BC55E239]
	(No symbol) [0x00007FF6BC41B009]
	(No symbol) [0x00007FF6BC470442]
	(No symbol) [0x00007FF6BC462D81]
	(No symbol) [0x00007FF6BC4966EA]
	(No symbol) [0x00007FF6BC4626C6]
	(No symbol) [0x00007FF6BC496900]
	(No symbol) [0x00007FF6BC4B65A2]
	(No symbol) [0x00007FF6BC496493]
	(No symbol) [0x00007FF6BC4609D1]
	(No symbol) [0x00007FF6BC461B31]
	GetHandleVerifier [0x00007FF6BC90871D+3302573]
	GetHandleVerifier [0x00007FF6BC954243+3612627]
	GetHandleVerifier [0x00007FF6BC94A417+3572135]
	GetHandleVerifier [0x00007FF6BC6A5EB6+801862]
	(No symbol) [0x00007FF6BC56945F]
	(No symbol) [0x00007FF6BC564FB4]
	(No symbol) [0x00007FF6BC565140]
	(No symbol) [0x00007FF6BC55461F]
	BaseThreadInitThunk [0x00007FF827B27374+20]
	RtlUserThreadStart [0x00007FF8288FCC91+33]

ERROR:root:Error during survey: Message: invalid selector
from javascript error: {"status":32,"value":"Unable to locate an element with the xpath expression 제출 버튼의 실제 XPath because of the following error:\nSyntaxError: Failed to execute 'evaluate' on 'Document': The string '제출 버튼의 실제 XPath' is not a valid XPath expression."}
  (Session info: chrome=129.0.6668.90); For documentation on this error, please visit: https://www.selenium.dev/documentation/webdriver/troubleshooting/errors#invalid-selector-exception
Stacktrace:
	GetHandleVerifier [0x00007FF6BC5E9412+29090]
	(No symbol) [0x00007FF6BC55E239]
	(No symbol) [0x00007FF6BC41B1DA]
	(No symbol) [0x00007FF6BC421CE3]
	(No symbol) [0x00007FF6BC424081]
	(No symbol) [0x00007FF6BC424120]
	(No symbol) [0x00007FF6BC46EB5C]
	(No symbol) [0x00007FF6BC46F23C]
	(No symbol) [0x00007FF6BC4B97C7]
	(No symbol) [0x00007FF6BC49672F]
	(No symbol) [0x00007FF6BC4B65A2]
	(No symbol) [0x00007FF6BC496493]
	(No symbol) [0x00007FF6BC4609D1]
	(No symbol) [0x00007FF6BC461B31]
	GetHandleVerifier [0x00007FF6BC90871D+3302573]
	GetHandleVerifier [0x00007FF6BC954243+3612627]
	GetHandleVerifier [0x00007FF6BC94A417+3572135]
	GetHandleVerifier [0x00007FF6BC6A5EB6+801862]
	(No symbol) [0x00007FF6BC56945F]
	(No symbol) [0x00007FF6BC564FB4]
	(No symbol) [0x00007FF6BC565140]
	(No symbol) [0x00007FF6BC55461F]
	BaseThreadInitThunk [0x00007FF827B27374+20]
	RtlUserThreadStart [0x00007FF8288FCC91+33]

INFO:root:Survey completed successfully
ERROR:root:Error during navigation to survey: Message: element not interactable
  (Session info: chrome=129.0.6668.90)
Stacktrace:
	GetHandleVerifier [0x00007FF6BC5E9412+29090]
	(No symbol) [0x00007FF6BC55E239]
	(No symbol) [0x00007FF6BC41B009]
	(No symbol) [0x00007FF6BC470442]
	(No symbol) [0x00007FF6BC462D81]
	(No symbol) [0x00007FF6BC4966EA]
	(No symbol) [0x00007FF6BC4626C6]
	(No symbol) [0x00007FF6BC496900]
	(No symbol) [0x00007FF6BC4B65A2]
	(No symbol) [0x00007FF6BC496493]
	(No symbol) [0x00007FF6BC4609D1]
	(No symbol) [0x00007FF6BC461B31]
	GetHandleVerifier [0x00007FF6BC90871D+3302573]
	GetHandleVerifier [0x00007FF6BC954243+3612627]
	GetHandleVerifier [0x00007FF6BC94A417+3572135]
	GetHandleVerifier [0x00007FF6BC6A5EB6+801862]
	(No symbol) [0x00007FF6BC56945F]
	(No symbol) [0x00007FF6BC564FB4]
	(No symbol) [0x00007FF6BC565140]
	(No symbol) [0x00007FF6BC55461F]
	BaseThreadInitThunk [0x00007FF827B27374+20]
	RtlUserThreadStart [0x00007FF8288FCC91+33]

ERROR:root:Error during survey: Message: invalid selector
from javascript error: {"status":32,"value":"Unable to locate an element with the xpath expression 제출 버튼의 실제 XPath because of the following error:\nSyntaxError: Failed to execute 'evaluate' on 'Document': The string '제출 버튼의 실제 XPath' is not a valid XPath expression."}
  (Session info: chrome=129.0.6668.90); For documentation on this error, please visit: https://www.selenium.dev/documentation/webdriver/troubleshooting/errors#invalid-selector-exception
Stacktrace:
	GetHandleVerifier [0x00007FF6BC5E9412+29090]
	(No symbol) [0x00007FF6BC55E239]
	(No symbol) [0x00007FF6BC41B1DA]
	(No symbol) [0x00007FF6BC421CE3]
	(No symbol) [0x00007FF6BC424081]
	(No symbol) [0x00007FF6BC424120]
	(No symbol) [0x00007FF6BC46EB5C]
	(No symbol) [0x00007FF6BC46F23C]
	(No symbol) [0x00007FF6BC4B97C7]
	(No symbol) [0x00007FF6BC49672F]
	(No symbol) [0x00007FF6BC4B65A2]
	(No symbol) [0x00007FF6BC496493]
	(No symbol) [0x00007FF6BC4609D1]
	(No symbol) [0x00007FF6BC461B31]
	GetHandleVerifier [0x00007FF6BC90871D+3302573]
	GetHandleVerifier [0x00007FF6BC954243+3612627]
	GetHandleVerifier [0x00007FF6BC94A417+3572135]
	GetHandleVerifier [0x00007FF6BC6A5EB6+801862]
	(No symbol) [0x00007FF6BC56945F]
	(No symbol) [0x00007FF6BC564FB4]
	(No symbol) [0x00007FF6BC565140]
	(No symbol) [0x00007FF6BC55461F]
	BaseThreadInitThunk [0x00007FF827B27374+20]
	RtlUserThreadStart [0x00007FF8288FCC91+33]

INFO:root:Survey completed successfully
ERROR:root:Error during navigation to survey: Message: element not interactable
  (Session info: chrome=129.0.6668.90)
Stacktrace:
	GetHandleVerifier [0x00007FF6BC5E9412+29090]
	(No symbol) [0x00007FF6BC55E239]
	(No symbol) [0x00007FF6BC41B009]
	(No symbol) [0x00007FF6BC470442]
	(No symbol) [0x00007FF6BC462D81]
	(No symbol) [0x00007FF6BC4966EA]
	(No symbol) [0x00007FF6BC4626C6]
	(No symbol) [0x00007FF6BC496900]
	(No symbol) [0x00007FF6BC4B65A2]
	(No symbol) [0x00007FF6BC496493]
	(No symbol) [0x00007FF6BC4609D1]
	(No symbol) [0x00007FF6BC461B31]
	GetHandleVerifier [0x00007FF6BC90871D+3302573]
	GetHandleVerifier [0x00007FF6BC954243+3612627]
	GetHandleVerifier [0x00007FF6BC94A417+3572135]
	GetHandleVerifier [0x00007FF6BC6A5EB6+801862]
	(No symbol) [0x00007FF6BC56945F]
	(No symbol) [0x00007FF6BC564FB4]
	(No symbol) [0x00007FF6BC565140]
	(No symbol) [0x00007FF6BC55461F]
	BaseThreadInitThunk [0x00007FF827B27374+20]
	RtlUserThreadStart [0x00007FF8288FCC91+33]

ERROR:root:Error during survey: Message: invalid selector
from javascript error: {"status":32,"value":"Unable to locate an element with the xpath expression 제출 버튼의 실제 XPath because of the following error:\nSyntaxError: Failed to execute 'evaluate' on 'Document': The string '제출 버튼의 실제 XPath' is not a valid XPath expression."}
  (Session info: chrome=129.0.6668.90); For documentation on this error, please visit: https://www.selenium.dev/documentation/webdriver/troubleshooting/errors#invalid-selector-exception
Stacktrace:
	GetHandleVerifier [0x00007FF6BC5E9412+29090]
	(No symbol) [0x00007FF6BC55E239]
	(No symbol) [0x00007FF6BC41B1DA]
	(No symbol) [0x00007FF6BC421CE3]
	(No symbol) [0x00007FF6BC424081]
	(No symbol) [0x00007FF6BC424120]
	(No symbol) [0x00007FF6BC46EB5C]
	(No symbol) [0x00007FF6BC46F23C]
	(No symbol) [0x00007FF6BC4B97C7]
	(No symbol) [0x00007FF6BC49672F]
	(No symbol) [0x00007FF6BC4B65A2]
	(No symbol) [0x00007FF6BC496493]
	(No symbol) [0x00007FF6BC4609D1]
	(No symbol) [0x00007FF6BC461B31]
	GetHandleVerifier [0x00007FF6BC90871D+3302573]
	GetHandleVerifier [0x00007FF6BC954243+3612627]
	GetHandleVerifier [0x00007FF6BC94A417+3572135]
	GetHandleVerifier [0x00007FF6BC6A5EB6+801862]
	(No symbol) [0x00007FF6BC56945F]
	(No symbol) [0x00007FF6BC564FB4]
	(No symbol) [0x00007FF6BC565140]
	(No symbol) [0x00007FF6BC55461F]
	BaseThreadInitThunk [0x00007FF827B27374+20]
	RtlUserThreadStart [0x00007FF8288FCC91+33]

INFO:root:Survey completed successfully
ERROR:root:Error during survey selection: Message: stale element reference: stale element not found
  (Session info: chrome=129.0.6668.90); For documentation on this error, please visit: https://www.selenium.dev/documentation/webdriver/troubleshooting/errors#stale-element-reference-exception
Stacktrace:
	GetHandleVerifier [0x00007FF6BC5E9412+29090]
	(No symbol) [0x00007FF6BC55E239]
	(No symbol) [0x00007FF6BC41B1DA]
	(No symbol) [0x00007FF6BC42DBE9]
	(No symbol) [0x00007FF6BC422954]
	(No symbol) [0x00007FF6BC420787]
	(No symbol) [0x00007FF6BC424081]
	(No symbol) [0x00007FF6BC424120]
	(No symbol) [0x00007FF6BC46EB5C]
	(No symbol) [0x00007FF6BC46F23C]
	(No symbol) [0x00007FF6BC4627EC]
	(No symbol) [0x00007FF6BC49672F]
	(No symbol) [0x00007FF6BC4626C6]
	(No symbol) [0x00007FF6BC496900]
	(No symbol) [0x00007FF6BC4B65A2]
	(No symbol) [0x00007FF6BC496493]
	(No symbol) [0x00007FF6BC4609D1]
	(No symbol) [0x00007FF6BC461B31]
	GetHandleVerifier [0x00007FF6BC90871D+3302573]
	GetHandleVerifier [0x00007FF6BC954243+3612627]
	GetHandleVerifier [0x00007FF6BC94A417+3572135]
	GetHandleVerifier [0x00007FF6BC6A5EB6+801862]
	(No symbol) [0x00007FF6BC56945F]
	(No symbol) [0x00007FF6BC564FB4]
	(No symbol) [0x00007FF6BC565140]
	(No symbol) [0x00007FF6BC55461F]
	BaseThreadInitThunk [0x00007FF827B27374+20]
	RtlUserThreadStart [0x00007FF8288FCC91+33]

ERROR:root:Error during survey navigation: Message: 
Stacktrace:
	GetHandleVerifier [0x00007FF6BC5E9412+29090]
	(No symbol) [0x00007FF6BC55E239]
	(No symbol) [0x00007FF6BC41B1DA]
	(No symbol) [0x00007FF6BC46EFE7]
	(No symbol) [0x00007FF6BC46F23C]
	(No symbol) [0x00007FF6BC4B97C7]
	(No symbol) [0x00007FF6BC49672F]
	(No symbol) [0x00007FF6BC4B65A2]
	(No symbol) [0x00007FF6BC496493]
	(No symbol) [0x00007FF6BC4609D1]
	(No symbol) [0x00007FF6BC461B31]
	GetHandleVerifier [0x00007FF6BC90871D+3302573]
	GetHandleVerifier [0x00007FF6BC954243+3612627]
	GetHandleVerifier [0x00007FF6BC94A417+3572135]
	GetHandleVerifier [0x00007FF6BC6A5EB6+801862]
	(No symbol) [0x00007FF6BC56945F]
	(No symbol) [0x00007FF6BC564FB4]
	(No symbol) [0x00007FF6BC565140]
	(No symbol) [0x00007FF6BC55461F]
	BaseThreadInitThunk [0x00007FF827B27374+20]
	RtlUserThreadStart [0x00007FF8288FCC91+33]

ERROR:root:Error during survey navigation: Message: no such window: target window already closed
from unknown error: web view not found
  (Session info: chrome=129.0.6668.90)
Stacktrace:
	GetHandleVerifier [0x00007FF6BC5E9412+29090]
	(No symbol) [0x00007FF6BC55E239]
	(No symbol) [0x00007FF6BC41B1DA]
	(No symbol) [0x00007FF6BC3EFAF5]
	(No symbol) [0x00007FF6BC49E2C7]
	(No symbol) [0x00007FF6BC4B5EB1]
	(No symbol) [0x00007FF6BC496493]
	(No symbol) [0x00007FF6BC4609D1]
	(No symbol) [0x00007FF6BC461B31]
	GetHandleVerifier [0x00007FF6BC90871D+3302573]
	GetHandleVerifier [0x00007FF6BC954243+3612627]
	GetHandleVerifier [0x00007FF6BC94A417+3572135]
	GetHandleVerifier [0x00007FF6BC6A5EB6+801862]
	(No symbol) [0x00007FF6BC56945F]
	(No symbol) [0x00007FF6BC564FB4]
	(No symbol) [0x00007FF6BC565140]
	(No symbol) [0x00007FF6BC55461F]
	BaseThreadInitThunk [0x00007FF827B27374+20]
	RtlUserThreadStart [0x00007FF8288FCC91+33]

ERROR:root:Error during survey navigation: Message: 
Stacktrace:
	GetHandleVerifier [0x00007FF6BC5E9412+29090]
	(No symbol) [0x00007FF6BC55E239]
	(No symbol) [0x00007FF6BC41B1DA]
	(No symbol) [0x00007FF6BC46EFE7]
	(No symbol) [0x00007FF6BC46F23C]
	(No symbol) [0x00007FF6BC4B97C7]
	(No symbol) [0x00007FF6BC49672F]
	(No symbol) [0x00007FF6BC4B65A2]
	(No symbol) [0x00007FF6BC496493]
	(No symbol) [0x00007FF6BC4609D1]
	(No symbol) [0x00007FF6BC461B31]
	GetHandleVerifier [0x00007FF6BC90871D+3302573]
	GetHandleVerifier [0x00007FF6BC954243+3612627]
	GetHandleVerifier [0x00007FF6BC94A417+3572135]
	GetHandleVerifier [0x00007FF6BC6A5EB6+801862]
	(No symbol) [0x00007FF6BC56945F]
	(No symbol) [0x00007FF6BC564FB4]
	(No symbol) [0x00007FF6BC565140]
	(No symbol) [0x00007FF6BC55461F]
	BaseThreadInitThunk [0x00007FF827B27374+20]
	RtlUserThreadStart [0x00007FF8288FCC91+33]

